[90m11:16:17.354[0m [33mDBG[0m env_file: /home/tom/Desktop/Medium/fetch_playground/erc1155_deployer/.env.libp2p [36mpackage=[0mAeaApi
[90m11:16:17.355[0m [33mDBG[0m msgin_path: /tmp/tmpepesngir/aea_to_process [36mpackage=[0mAeaApi
[90m11:16:17.355[0m [33mDBG[0m msgout_path: /tmp/tmpepesngir/process_to_aea [36mpackage=[0mAeaApi
[90m11:16:17.355[0m [33mDBG[0m id: b33d112565814f2677370ea0c580b4dddba1dd36039da5ddee258d17d55dbd04 [36mpackage=[0mAeaApi
[90m11:16:17.355[0m [33mDBG[0m addr: 0x50903b3D279042cF329ecA432e630e09A9D79B09 [36mpackage=[0mAeaApi
[90m11:16:17.356[0m [33mDBG[0m entry_peers:  [36mpackage=[0mAeaApi
[90m11:16:17.356[0m [33mDBG[0m uri: 127.0.0.1:9000 [36mpackage=[0mAeaApi
[90m11:16:17.356[0m [33mDBG[0m uri public: 127.0.0.1:9000 [36mpackage=[0mAeaApi
[90m11:16:17.356[0m [33mDBG[0m uri delegate service: 127.0.0.1:11000 [36mpackage=[0mAeaApi
[90m11:16:17.356[0m [1m[31mERR[0m[0m Uri already taken 127.0.0.1:9000 [36merr=[0m"listen tcp 127.0.0.1:9000: bind: address already in use" [36mpackage=[0mAeaApi
panic: listen tcp 127.0.0.1:9000: bind: address already in use

goroutine 1 [running]:
main.check(...)
	/tmp/tmp65s48gku/libp2p_workdir/libp2p_node.go:43
main.main()
	/tmp/tmp65s48gku/libp2p_workdir/libp2p_node.go:59 +0x9d0
[90m11:17:45.029[0m [33mDBG[0m env_file: /home/tom/Desktop/Medium/fetch_playground/erc1155_deployer/.env.libp2p [36mpackage=[0mAeaApi
[90m11:17:45.030[0m [33mDBG[0m msgin_path: /tmp/tmpk0a9y71n/aea_to_process [36mpackage=[0mAeaApi
[90m11:17:45.031[0m [33mDBG[0m msgout_path: /tmp/tmpk0a9y71n/process_to_aea [36mpackage=[0mAeaApi
[90m11:17:45.031[0m [33mDBG[0m id: 1d502b210d28aefa54f165ee8825bbf2174f1534eb2e883a5fa6dd3eb995f567 [36mpackage=[0mAeaApi
[90m11:17:45.031[0m [33mDBG[0m addr: 0x50903b3D279042cF329ecA432e630e09A9D79B09 [36mpackage=[0mAeaApi
[90m11:17:45.031[0m [33mDBG[0m entry_peers:  [36mpackage=[0mAeaApi
[90m11:17:45.031[0m [33mDBG[0m uri: 127.0.0.1:9000 [36mpackage=[0mAeaApi
[90m11:17:45.031[0m [33mDBG[0m uri public: 127.0.0.1:9000 [36mpackage=[0mAeaApi
[90m11:17:45.031[0m [33mDBG[0m uri delegate service: 127.0.0.1:11000 [36mpackage=[0mAeaApi
[90m11:17:45.031[0m [1m[31mERR[0m[0m Uri already taken 127.0.0.1:9000 [36merr=[0m"listen tcp 127.0.0.1:9000: bind: address already in use" [36mpackage=[0mAeaApi
panic: listen tcp 127.0.0.1:9000: bind: address already in use

goroutine 1 [running]:
main.check(...)
	/tmp/tmp0moy0ytu/libp2p_workdir/libp2p_node.go:43
main.main()
	/tmp/tmp0moy0ytu/libp2p_workdir/libp2p_node.go:59 +0x9d0
[90m11:20:20.881[0m [33mDBG[0m env_file: /home/tom/Desktop/Medium/fetch_playground/erc1155_deployer/.env.libp2p [36mpackage=[0mAeaApi
[90m11:20:20.883[0m [33mDBG[0m msgin_path: /tmp/tmpe33v8fdw/aea_to_process [36mpackage=[0mAeaApi
[90m11:20:20.883[0m [33mDBG[0m msgout_path: /tmp/tmpe33v8fdw/process_to_aea [36mpackage=[0mAeaApi
[90m11:20:20.883[0m [33mDBG[0m id: 7c3c5f64045f1bfa74ddf1e4a67365cfaf8384d53c80c547fe8504dcbdd22b2e [36mpackage=[0mAeaApi
[90m11:20:20.883[0m [33mDBG[0m addr: 0x50903b3D279042cF329ecA432e630e09A9D79B09 [36mpackage=[0mAeaApi
[90m11:20:20.883[0m [33mDBG[0m entry_peers:  [36mpackage=[0mAeaApi
[90m11:20:20.883[0m [33mDBG[0m uri: 127.0.0.1:9000 [36mpackage=[0mAeaApi
[90m11:20:20.883[0m [33mDBG[0m uri public: 127.0.0.1:9000 [36mpackage=[0mAeaApi
[90m11:20:20.883[0m [33mDBG[0m uri delegate service: 127.0.0.1:11000 [36mpackage=[0mAeaApi
2020/08/22 11:20:20 successfully initialized API to AEA!
[90m11:20:21.010[0m [32mINF[0m INFO My ID is  [36mpackage=[0mDHTPeer [36mpeerid=[0m16Uiu2HAm3MKRU6xAbmE16regSXd98WJiY83mFEDQYN57g12a7Yo3
[90m11:20:21.011[0m [32mINF[0m successfully created libp2p node! [36mpackage=[0mDHTPeer [36mpeerid=[0m16Uiu2HAm3MKRU6xAbmE16regSXd98WJiY83mFEDQYN57g12a7Yo3
[90m11:20:21.011[0m [33mDBG[0m Setting /aea-register/0.1.0 stream... [36mpackage=[0mDHTPeer [36mpeerid=[0m16Uiu2HAm3MKRU6xAbmE16regSXd98WJiY83mFEDQYN57g12a7Yo3
[90m11:20:21.011[0m [33mDBG[0m Setting /aea-address/0.1.0 stream... [36mpackage=[0mDHTPeer [36mpeerid=[0m16Uiu2HAm3MKRU6xAbmE16regSXd98WJiY83mFEDQYN57g12a7Yo3
[90m11:20:21.011[0m [33mDBG[0m Setting /aea/0.1.0 stream... [36mpackage=[0mDHTPeer [36mpeerid=[0m16Uiu2HAm3MKRU6xAbmE16regSXd98WJiY83mFEDQYN57g12a7Yo3
[90m11:20:21.011[0m [32mINF[0m DelegateService listening for new connections... [36mpackage=[0mDHTPeer [36mpeerid=[0m16Uiu2HAm3MKRU6xAbmE16regSXd98WJiY83mFEDQYN57g12a7Yo3
MULTIADDRS_LIST_START
/dns4/127.0.0.1/tcp/9000/p2p/16Uiu2HAm3MKRU6xAbmE16regSXd98WJiY83mFEDQYN57g12a7Yo3
MULTIADDRS_LIST_END
[90m11:20:21.869[0m [32mINF[0m connected to agent [36mpackage=[0mAeaApi
[90m11:20:21.869[0m [32mINF[0m successfully connected to AEA!
[90m11:20:30.602[0m [32mINF[0m node stopped
[90m11:20:30.602[0m [32mINF[0m Stopping DHTPeer... [36mpackage=[0mDHTPeer [36mpeerid=[0m16Uiu2HAm3MKRU6xAbmE16regSXd98WJiY83mFEDQYN57g12a7Yo3
[90m11:20:30.602[0m [32mINF[0m DelegateService Stopped. [36mpackage=[0mDHTPeer [36mpeerid=[0m16Uiu2HAm3MKRU6xAbmE16regSXd98WJiY83mFEDQYN57g12a7Yo3
[90m11:22:08.799[0m [33mDBG[0m env_file: /home/tom/Desktop/Medium/fetch_playground/erc1155_deployer/.env.libp2p [36mpackage=[0mAeaApi
[90m11:22:08.800[0m [33mDBG[0m msgin_path: /tmp/tmpc_ml53xv/aea_to_process [36mpackage=[0mAeaApi
[90m11:22:08.800[0m [33mDBG[0m msgout_path: /tmp/tmpc_ml53xv/process_to_aea [36mpackage=[0mAeaApi
[90m11:22:08.800[0m [33mDBG[0m id: b6b4712b09a45a4e92e871e0deeb44125e75d5481d2897e495327b2f26d6a79b [36mpackage=[0mAeaApi
[90m11:22:08.800[0m [33mDBG[0m addr: 0xf268e2664f0B4CE495561a38e3252eDf73927784 [36mpackage=[0mAeaApi
[90m11:22:08.800[0m [33mDBG[0m entry_peers:  [36mpackage=[0mAeaApi
[90m11:22:08.800[0m [33mDBG[0m uri: 127.0.0.1:9000 [36mpackage=[0mAeaApi
[90m11:22:08.800[0m [33mDBG[0m uri public: 127.0.0.1:9000 [36mpackage=[0mAeaApi
[90m11:22:08.801[0m [33mDBG[0m uri delegate service: 127.0.0.1:11000 [36mpackage=[0mAeaApi
2020/08/22 11:22:08 successfully initialized API to AEA!
[90m11:22:08.923[0m [32mINF[0m INFO My ID is  [36mpackage=[0mDHTPeer [36mpeerid=[0m16Uiu2HAmM5Gk3Nt9mruU2Rm8bzdNJcWSRxQus8PJYd6pvpQ5YKAK
[90m11:22:08.923[0m [32mINF[0m successfully created libp2p node! [36mpackage=[0mDHTPeer [36mpeerid=[0m16Uiu2HAmM5Gk3Nt9mruU2Rm8bzdNJcWSRxQus8PJYd6pvpQ5YKAK
[90m11:22:08.923[0m [33mDBG[0m Setting /aea-register/0.1.0 stream... [36mpackage=[0mDHTPeer [36mpeerid=[0m16Uiu2HAmM5Gk3Nt9mruU2Rm8bzdNJcWSRxQus8PJYd6pvpQ5YKAK
[90m11:22:08.923[0m [33mDBG[0m Setting /aea-address/0.1.0 stream... [36mpackage=[0mDHTPeer [36mpeerid=[0m16Uiu2HAmM5Gk3Nt9mruU2Rm8bzdNJcWSRxQus8PJYd6pvpQ5YKAK
[90m11:22:08.923[0m [33mDBG[0m Setting /aea/0.1.0 stream... [36mpackage=[0mDHTPeer [36mpeerid=[0m16Uiu2HAmM5Gk3Nt9mruU2Rm8bzdNJcWSRxQus8PJYd6pvpQ5YKAK
[90m11:22:08.923[0m [32mINF[0m DelegateService listening for new connections... [36mpackage=[0mDHTPeer [36mpeerid=[0m16Uiu2HAmM5Gk3Nt9mruU2Rm8bzdNJcWSRxQus8PJYd6pvpQ5YKAK
MULTIADDRS_LIST_START
/dns4/127.0.0.1/tcp/9000/p2p/16Uiu2HAmM5Gk3Nt9mruU2Rm8bzdNJcWSRxQus8PJYd6pvpQ5YKAK
MULTIADDRS_LIST_END
[90m11:22:09.789[0m [32mINF[0m connected to agent [36mpackage=[0mAeaApi
[90m11:22:09.789[0m [32mINF[0m successfully connected to AEA!
[90m11:25:59.803[0m [32mINF[0m node stopped
[90m11:25:59.803[0m [32mINF[0m Stopping DHTPeer... [36mpackage=[0mDHTPeer [36mpeerid=[0m16Uiu2HAmM5Gk3Nt9mruU2Rm8bzdNJcWSRxQus8PJYd6pvpQ5YKAK
[90m11:25:59.803[0m [32mINF[0m DelegateService Stopped. [36mpackage=[0mDHTPeer [36mpeerid=[0m16Uiu2HAmM5Gk3Nt9mruU2Rm8bzdNJcWSRxQus8PJYd6pvpQ5YKAK
[90m11:52:30.578[0m [33mDBG[0m env_file: /home/tom/Desktop/Medium/fetch_playground/erc1155_deployer/.env.libp2p [36mpackage=[0mAeaApi
[90m11:52:30.579[0m [33mDBG[0m msgin_path: /tmp/tmpdegosdh1/aea_to_process [36mpackage=[0mAeaApi
[90m11:52:30.579[0m [33mDBG[0m msgout_path: /tmp/tmpdegosdh1/process_to_aea [36mpackage=[0mAeaApi
[90m11:52:30.579[0m [33mDBG[0m id: 2c22c6cc4bf7a6ed1f549e5d9ab4c4abebee9a69fc5fe5eb098cc6928fe6b1cc [36mpackage=[0mAeaApi
[90m11:52:30.579[0m [33mDBG[0m addr: 0xf268e2664f0B4CE495561a38e3252eDf73927784 [36mpackage=[0mAeaApi
[90m11:52:30.579[0m [33mDBG[0m entry_peers:  [36mpackage=[0mAeaApi
[90m11:52:30.579[0m [33mDBG[0m uri: 127.0.0.1:9000 [36mpackage=[0mAeaApi
[90m11:52:30.579[0m [33mDBG[0m uri public: 127.0.0.1:9000 [36mpackage=[0mAeaApi
[90m11:52:30.579[0m [33mDBG[0m uri delegate service: 127.0.0.1:11000 [36mpackage=[0mAeaApi
2020/08/22 11:52:30 successfully initialized API to AEA!
[90m11:52:30.700[0m [32mINF[0m INFO My ID is  [36mpackage=[0mDHTPeer [36mpeerid=[0m16Uiu2HAkzobgXPU7BmMHWjMS3GPT78RfYqVC2AJbE7EJGorurhWf
[90m11:52:30.700[0m [32mINF[0m successfully created libp2p node! [36mpackage=[0mDHTPeer [36mpeerid=[0m16Uiu2HAkzobgXPU7BmMHWjMS3GPT78RfYqVC2AJbE7EJGorurhWf
[90m11:52:30.700[0m [33mDBG[0m Setting /aea-register/0.1.0 stream... [36mpackage=[0mDHTPeer [36mpeerid=[0m16Uiu2HAkzobgXPU7BmMHWjMS3GPT78RfYqVC2AJbE7EJGorurhWf
[90m11:52:30.700[0m [33mDBG[0m Setting /aea-address/0.1.0 stream... [36mpackage=[0mDHTPeer [36mpeerid=[0m16Uiu2HAkzobgXPU7BmMHWjMS3GPT78RfYqVC2AJbE7EJGorurhWf
[90m11:52:30.700[0m [33mDBG[0m Setting /aea/0.1.0 stream... [36mpackage=[0mDHTPeer [36mpeerid=[0m16Uiu2HAkzobgXPU7BmMHWjMS3GPT78RfYqVC2AJbE7EJGorurhWf
[90m11:52:30.700[0m [32mINF[0m DelegateService listening for new connections... [36mpackage=[0mDHTPeer [36mpeerid=[0m16Uiu2HAkzobgXPU7BmMHWjMS3GPT78RfYqVC2AJbE7EJGorurhWf
MULTIADDRS_LIST_START
/dns4/127.0.0.1/tcp/9000/p2p/16Uiu2HAkzobgXPU7BmMHWjMS3GPT78RfYqVC2AJbE7EJGorurhWf
MULTIADDRS_LIST_END
[90m11:52:31.567[0m [32mINF[0m connected to agent [36mpackage=[0mAeaApi
[90m11:52:31.567[0m [32mINF[0m successfully connected to AEA!
[90m11:52:36.327[0m [32mINF[0m node stopped
[90m11:52:36.327[0m [32mINF[0m Stopping DHTPeer... [36mpackage=[0mDHTPeer [36mpeerid=[0m16Uiu2HAkzobgXPU7BmMHWjMS3GPT78RfYqVC2AJbE7EJGorurhWf
[90m11:52:36.327[0m [32mINF[0m DelegateService Stopped. [36mpackage=[0mDHTPeer [36mpeerid=[0m16Uiu2HAkzobgXPU7BmMHWjMS3GPT78RfYqVC2AJbE7EJGorurhWf
[90m12:23:43.700[0m [33mDBG[0m env_file: /home/tom/Desktop/Medium/fetch_playground/AutonomousHegician/.env.libp2p [36mpackage=[0mAeaApi
[90m12:23:43.702[0m [33mDBG[0m msgin_path: /tmp/tmpj40ieafn/aea_to_process [36mpackage=[0mAeaApi
[90m12:23:43.702[0m [33mDBG[0m msgout_path: /tmp/tmpj40ieafn/process_to_aea [36mpackage=[0mAeaApi
[90m12:23:43.702[0m [33mDBG[0m id: a7d9471519148c43be52a85c3389bca50e4c404b0c7cbf8b58122e23e4cec57c [36mpackage=[0mAeaApi
[90m12:23:43.702[0m [33mDBG[0m addr: 0xf268e2664f0B4CE495561a38e3252eDf73927784 [36mpackage=[0mAeaApi
[90m12:23:43.702[0m [33mDBG[0m entry_peers:  [36mpackage=[0mAeaApi
[90m12:23:43.702[0m [33mDBG[0m uri: 127.0.0.1:9000 [36mpackage=[0mAeaApi
[90m12:23:43.702[0m [33mDBG[0m uri public: 127.0.0.1:9000 [36mpackage=[0mAeaApi
[90m12:23:43.702[0m [33mDBG[0m uri delegate service: 127.0.0.1:11000 [36mpackage=[0mAeaApi
2020/08/22 12:23:43 successfully initialized API to AEA!
[90m12:23:43.817[0m [32mINF[0m INFO My ID is  [36mpackage=[0mDHTPeer [36mpeerid=[0m16Uiu2HAmVHt5ZMqWWkJzipBzvfiWMhzHwD7CMamwxrm7ddPcWPkN
[90m12:23:43.817[0m [32mINF[0m successfully created libp2p node! [36mpackage=[0mDHTPeer [36mpeerid=[0m16Uiu2HAmVHt5ZMqWWkJzipBzvfiWMhzHwD7CMamwxrm7ddPcWPkN
[90m12:23:43.817[0m [33mDBG[0m Setting /aea-register/0.1.0 stream... [36mpackage=[0mDHTPeer [36mpeerid=[0m16Uiu2HAmVHt5ZMqWWkJzipBzvfiWMhzHwD7CMamwxrm7ddPcWPkN
[90m12:23:43.817[0m [33mDBG[0m Setting /aea-address/0.1.0 stream... [36mpackage=[0mDHTPeer [36mpeerid=[0m16Uiu2HAmVHt5ZMqWWkJzipBzvfiWMhzHwD7CMamwxrm7ddPcWPkN
[90m12:23:43.817[0m [33mDBG[0m Setting /aea/0.1.0 stream... [36mpackage=[0mDHTPeer [36mpeerid=[0m16Uiu2HAmVHt5ZMqWWkJzipBzvfiWMhzHwD7CMamwxrm7ddPcWPkN
[90m12:23:43.817[0m [32mINF[0m DelegateService listening for new connections... [36mpackage=[0mDHTPeer [36mpeerid=[0m16Uiu2HAmVHt5ZMqWWkJzipBzvfiWMhzHwD7CMamwxrm7ddPcWPkN
MULTIADDRS_LIST_START
/dns4/127.0.0.1/tcp/9000/p2p/16Uiu2HAmVHt5ZMqWWkJzipBzvfiWMhzHwD7CMamwxrm7ddPcWPkN
MULTIADDRS_LIST_END
[90m12:23:44.690[0m [32mINF[0m connected to agent [36mpackage=[0mAeaApi
[90m12:23:44.690[0m [32mINF[0m successfully connected to AEA!
[90m12:28:33.189[0m [32mINF[0m node stopped
[90m12:28:33.189[0m [32mINF[0m Stopping DHTPeer... [36mpackage=[0mDHTPeer [36mpeerid=[0m16Uiu2HAmVHt5ZMqWWkJzipBzvfiWMhzHwD7CMamwxrm7ddPcWPkN
[90m12:28:33.189[0m [32mINF[0m DelegateService Stopped. [36mpackage=[0mDHTPeer [36mpeerid=[0m16Uiu2HAmVHt5ZMqWWkJzipBzvfiWMhzHwD7CMamwxrm7ddPcWPkN
[90m12:30:24.210[0m [33mDBG[0m env_file: /home/tom/Desktop/Medium/fetch_playground/AutonomousHegician/.env.libp2p [36mpackage=[0mAeaApi
[90m12:30:24.211[0m [33mDBG[0m msgin_path: /tmp/tmpoisy3mrm/aea_to_process [36mpackage=[0mAeaApi
[90m12:30:24.211[0m [33mDBG[0m msgout_path: /tmp/tmpoisy3mrm/process_to_aea [36mpackage=[0mAeaApi
[90m12:30:24.211[0m [33mDBG[0m id: 91c726a017bf20c20913cc6b0dc081f259177fa6d022ebbc6a61b2e5003cd2c8 [36mpackage=[0mAeaApi
[90m12:30:24.211[0m [33mDBG[0m addr: 0xf268e2664f0B4CE495561a38e3252eDf73927784 [36mpackage=[0mAeaApi
[90m12:30:24.212[0m [33mDBG[0m entry_peers:  [36mpackage=[0mAeaApi
[90m12:30:24.212[0m [33mDBG[0m uri: 127.0.0.1:9000 [36mpackage=[0mAeaApi
[90m12:30:24.212[0m [33mDBG[0m uri public: 127.0.0.1:9000 [36mpackage=[0mAeaApi
[90m12:30:24.212[0m [33mDBG[0m uri delegate service: 127.0.0.1:11000 [36mpackage=[0mAeaApi
2020/08/22 12:30:24 successfully initialized API to AEA!
[90m12:30:24.338[0m [32mINF[0m INFO My ID is  [36mpackage=[0mDHTPeer [36mpeerid=[0m16Uiu2HAmQ1RH6gziD4b3CCs8A89LbehjhsFEZMDU5BHy3bVHiFjG
[90m12:30:24.339[0m [32mINF[0m successfully created libp2p node! [36mpackage=[0mDHTPeer [36mpeerid=[0m16Uiu2HAmQ1RH6gziD4b3CCs8A89LbehjhsFEZMDU5BHy3bVHiFjG
[90m12:30:24.339[0m [33mDBG[0m Setting /aea-register/0.1.0 stream... [36mpackage=[0mDHTPeer [36mpeerid=[0m16Uiu2HAmQ1RH6gziD4b3CCs8A89LbehjhsFEZMDU5BHy3bVHiFjG
[90m12:30:24.339[0m [33mDBG[0m Setting /aea-address/0.1.0 stream... [36mpackage=[0mDHTPeer [36mpeerid=[0m16Uiu2HAmQ1RH6gziD4b3CCs8A89LbehjhsFEZMDU5BHy3bVHiFjG
[90m12:30:24.339[0m [33mDBG[0m Setting /aea/0.1.0 stream... [36mpackage=[0mDHTPeer [36mpeerid=[0m16Uiu2HAmQ1RH6gziD4b3CCs8A89LbehjhsFEZMDU5BHy3bVHiFjG
[90m12:30:24.339[0m [32mINF[0m DelegateService listening for new connections... [36mpackage=[0mDHTPeer [36mpeerid=[0m16Uiu2HAmQ1RH6gziD4b3CCs8A89LbehjhsFEZMDU5BHy3bVHiFjG
MULTIADDRS_LIST_START
/dns4/127.0.0.1/tcp/9000/p2p/16Uiu2HAmQ1RH6gziD4b3CCs8A89LbehjhsFEZMDU5BHy3bVHiFjG
MULTIADDRS_LIST_END
[90m12:30:25.199[0m [32mINF[0m connected to agent [36mpackage=[0mAeaApi
[90m12:30:25.199[0m [32mINF[0m successfully connected to AEA!
[90m12:31:21.062[0m [32mINF[0m node stopped
[90m12:31:21.062[0m [32mINF[0m Stopping DHTPeer... [36mpackage=[0mDHTPeer [36mpeerid=[0m16Uiu2HAmQ1RH6gziD4b3CCs8A89LbehjhsFEZMDU5BHy3bVHiFjG
[90m12:31:21.062[0m [32mINF[0m DelegateService Stopped. [36mpackage=[0mDHTPeer [36mpeerid=[0m16Uiu2HAmQ1RH6gziD4b3CCs8A89LbehjhsFEZMDU5BHy3bVHiFjG
[90m12:31:41.217[0m [33mDBG[0m env_file: /home/tom/Desktop/Medium/fetch_playground/AutonomousHegician/.env.libp2p [36mpackage=[0mAeaApi
[90m12:31:41.219[0m [33mDBG[0m msgin_path: /tmp/tmpd7nd309j/aea_to_process [36mpackage=[0mAeaApi
[90m12:31:41.219[0m [33mDBG[0m msgout_path: /tmp/tmpd7nd309j/process_to_aea [36mpackage=[0mAeaApi
[90m12:31:41.219[0m [33mDBG[0m id: 39fdcc514b76048d4c691e9c77b2160a678afacf2c0ccd3c41a6cfb2cc265e64 [36mpackage=[0mAeaApi
[90m12:31:41.219[0m [33mDBG[0m addr: 0xf268e2664f0B4CE495561a38e3252eDf73927784 [36mpackage=[0mAeaApi
[90m12:31:41.219[0m [33mDBG[0m entry_peers:  [36mpackage=[0mAeaApi
[90m12:31:41.219[0m [33mDBG[0m uri: 127.0.0.1:9000 [36mpackage=[0mAeaApi
[90m12:31:41.219[0m [33mDBG[0m uri public: 127.0.0.1:9000 [36mpackage=[0mAeaApi
[90m12:31:41.219[0m [33mDBG[0m uri delegate service: 127.0.0.1:11000 [36mpackage=[0mAeaApi
2020/08/22 12:31:41 successfully initialized API to AEA!
[90m12:31:41.339[0m [32mINF[0m INFO My ID is  [36mpackage=[0mDHTPeer [36mpeerid=[0m16Uiu2HAm4RXXTgZ6bWtqdDfZnzRhkZNb1LBxZXZpJkjPMUsm9Bu3
[90m12:31:41.339[0m [32mINF[0m successfully created libp2p node! [36mpackage=[0mDHTPeer [36mpeerid=[0m16Uiu2HAm4RXXTgZ6bWtqdDfZnzRhkZNb1LBxZXZpJkjPMUsm9Bu3
[90m12:31:41.339[0m [33mDBG[0m Setting /aea-register/0.1.0 stream... [36mpackage=[0mDHTPeer [36mpeerid=[0m16Uiu2HAm4RXXTgZ6bWtqdDfZnzRhkZNb1LBxZXZpJkjPMUsm9Bu3
[90m12:31:41.339[0m [33mDBG[0m Setting /aea-address/0.1.0 stream... [36mpackage=[0mDHTPeer [36mpeerid=[0m16Uiu2HAm4RXXTgZ6bWtqdDfZnzRhkZNb1LBxZXZpJkjPMUsm9Bu3
[90m12:31:41.339[0m [33mDBG[0m Setting /aea/0.1.0 stream... [36mpackage=[0mDHTPeer [36mpeerid=[0m16Uiu2HAm4RXXTgZ6bWtqdDfZnzRhkZNb1LBxZXZpJkjPMUsm9Bu3
[90m12:31:41.339[0m [32mINF[0m DelegateService listening for new connections... [36mpackage=[0mDHTPeer [36mpeerid=[0m16Uiu2HAm4RXXTgZ6bWtqdDfZnzRhkZNb1LBxZXZpJkjPMUsm9Bu3
MULTIADDRS_LIST_START
/dns4/127.0.0.1/tcp/9000/p2p/16Uiu2HAm4RXXTgZ6bWtqdDfZnzRhkZNb1LBxZXZpJkjPMUsm9Bu3
MULTIADDRS_LIST_END
[90m12:31:42.208[0m [32mINF[0m connected to agent [36mpackage=[0mAeaApi
[90m12:31:42.208[0m [32mINF[0m successfully connected to AEA!
[90m12:32:00.990[0m [32mINF[0m node stopped
[90m12:32:00.990[0m [32mINF[0m Stopping DHTPeer... [36mpackage=[0mDHTPeer [36mpeerid=[0m16Uiu2HAm4RXXTgZ6bWtqdDfZnzRhkZNb1LBxZXZpJkjPMUsm9Bu3
[90m12:32:00.990[0m [32mINF[0m DelegateService Stopped. [36mpackage=[0mDHTPeer [36mpeerid=[0m16Uiu2HAm4RXXTgZ6bWtqdDfZnzRhkZNb1LBxZXZpJkjPMUsm9Bu3
[90m12:44:04.703[0m [33mDBG[0m env_file: /home/tom/Desktop/Medium/fetch_playground/AutonomousHegician/.env.libp2p [36mpackage=[0mAeaApi
[90m12:44:04.704[0m [33mDBG[0m msgin_path: /tmp/tmpq11q7lmm/aea_to_process [36mpackage=[0mAeaApi
[90m12:44:04.704[0m [33mDBG[0m msgout_path: /tmp/tmpq11q7lmm/process_to_aea [36mpackage=[0mAeaApi
[90m12:44:04.704[0m [33mDBG[0m id: d37779212f0fa02afe225433f0c8e4584b1e9d16f1a4bf50c7e336caf08d8712 [36mpackage=[0mAeaApi
[90m12:44:04.704[0m [33mDBG[0m addr: 0xf268e2664f0B4CE495561a38e3252eDf73927784 [36mpackage=[0mAeaApi
[90m12:44:04.704[0m [33mDBG[0m entry_peers:  [36mpackage=[0mAeaApi
[90m12:44:04.704[0m [33mDBG[0m uri: 127.0.0.1:9000 [36mpackage=[0mAeaApi
[90m12:44:04.704[0m [33mDBG[0m uri public: 127.0.0.1:9000 [36mpackage=[0mAeaApi
[90m12:44:04.704[0m [33mDBG[0m uri delegate service: 127.0.0.1:11000 [36mpackage=[0mAeaApi
2020/08/22 12:44:04 successfully initialized API to AEA!
[90m12:44:04.822[0m [32mINF[0m INFO My ID is  [36mpackage=[0mDHTPeer [36mpeerid=[0m16Uiu2HAm4kuMqwZa8fDZiL4odjDUnmmBC7vz2qS8xQU9Pm9tUW9o
[90m12:44:04.822[0m [32mINF[0m successfully created libp2p node! [36mpackage=[0mDHTPeer [36mpeerid=[0m16Uiu2HAm4kuMqwZa8fDZiL4odjDUnmmBC7vz2qS8xQU9Pm9tUW9o
[90m12:44:04.822[0m [33mDBG[0m Setting /aea-register/0.1.0 stream... [36mpackage=[0mDHTPeer [36mpeerid=[0m16Uiu2HAm4kuMqwZa8fDZiL4odjDUnmmBC7vz2qS8xQU9Pm9tUW9o
[90m12:44:04.822[0m [33mDBG[0m Setting /aea-address/0.1.0 stream... [36mpackage=[0mDHTPeer [36mpeerid=[0m16Uiu2HAm4kuMqwZa8fDZiL4odjDUnmmBC7vz2qS8xQU9Pm9tUW9o
[90m12:44:04.822[0m [33mDBG[0m Setting /aea/0.1.0 stream... [36mpackage=[0mDHTPeer [36mpeerid=[0m16Uiu2HAm4kuMqwZa8fDZiL4odjDUnmmBC7vz2qS8xQU9Pm9tUW9o
[90m12:44:04.822[0m [32mINF[0m DelegateService listening for new connections... [36mpackage=[0mDHTPeer [36mpeerid=[0m16Uiu2HAm4kuMqwZa8fDZiL4odjDUnmmBC7vz2qS8xQU9Pm9tUW9o
MULTIADDRS_LIST_START
/dns4/127.0.0.1/tcp/9000/p2p/16Uiu2HAm4kuMqwZa8fDZiL4odjDUnmmBC7vz2qS8xQU9Pm9tUW9o
MULTIADDRS_LIST_END
[90m12:44:05.693[0m [32mINF[0m connected to agent [36mpackage=[0mAeaApi
[90m12:44:05.693[0m [32mINF[0m successfully connected to AEA!
[90m12:45:04.079[0m [33mDBG[0m env_file: /home/tom/Desktop/Medium/fetch_playground/AutonomousHegician/.env.libp2p [36mpackage=[0mAeaApi
[90m12:45:04.080[0m [33mDBG[0m msgin_path: /tmp/tmpafvfvvhe/aea_to_process [36mpackage=[0mAeaApi
[90m12:45:04.081[0m [33mDBG[0m msgout_path: /tmp/tmpafvfvvhe/process_to_aea [36mpackage=[0mAeaApi
[90m12:45:04.081[0m [33mDBG[0m id: bd63bcd7aa8817141d561d914a7efcdfec3d66d653402abff58788db26748e17 [36mpackage=[0mAeaApi
[90m12:45:04.081[0m [33mDBG[0m addr: 0xf268e2664f0B4CE495561a38e3252eDf73927784 [36mpackage=[0mAeaApi
[90m12:45:04.081[0m [33mDBG[0m entry_peers:  [36mpackage=[0mAeaApi
[90m12:45:04.081[0m [33mDBG[0m uri: 127.0.0.1:9000 [36mpackage=[0mAeaApi
[90m12:45:04.081[0m [33mDBG[0m uri public: 127.0.0.1:9000 [36mpackage=[0mAeaApi
[90m12:45:04.081[0m [33mDBG[0m uri delegate service: 127.0.0.1:11000 [36mpackage=[0mAeaApi
2020/08/22 12:45:04 successfully initialized API to AEA!
[90m12:45:04.200[0m [32mINF[0m INFO My ID is  [36mpackage=[0mDHTPeer [36mpeerid=[0m16Uiu2HAmCmihcfAoZnCkEFTDd8kK1ZkTK3Yi7CzJNgkDsFX6k4M9
[90m12:45:04.200[0m [32mINF[0m successfully created libp2p node! [36mpackage=[0mDHTPeer [36mpeerid=[0m16Uiu2HAmCmihcfAoZnCkEFTDd8kK1ZkTK3Yi7CzJNgkDsFX6k4M9
[90m12:45:04.200[0m [33mDBG[0m Setting /aea-register/0.1.0 stream... [36mpackage=[0mDHTPeer [36mpeerid=[0m16Uiu2HAmCmihcfAoZnCkEFTDd8kK1ZkTK3Yi7CzJNgkDsFX6k4M9
[90m12:45:04.200[0m [33mDBG[0m Setting /aea-address/0.1.0 stream... [36mpackage=[0mDHTPeer [36mpeerid=[0m16Uiu2HAmCmihcfAoZnCkEFTDd8kK1ZkTK3Yi7CzJNgkDsFX6k4M9
[90m12:45:04.200[0m [33mDBG[0m Setting /aea/0.1.0 stream... [36mpackage=[0mDHTPeer [36mpeerid=[0m16Uiu2HAmCmihcfAoZnCkEFTDd8kK1ZkTK3Yi7CzJNgkDsFX6k4M9
[90m12:45:04.201[0m [32mINF[0m DelegateService listening for new connections... [36mpackage=[0mDHTPeer [36mpeerid=[0m16Uiu2HAmCmihcfAoZnCkEFTDd8kK1ZkTK3Yi7CzJNgkDsFX6k4M9
MULTIADDRS_LIST_START
/dns4/127.0.0.1/tcp/9000/p2p/16Uiu2HAmCmihcfAoZnCkEFTDd8kK1ZkTK3Yi7CzJNgkDsFX6k4M9
MULTIADDRS_LIST_END
[90m12:45:05.069[0m [32mINF[0m connected to agent [36mpackage=[0mAeaApi
[90m12:45:05.069[0m [32mINF[0m successfully connected to AEA!
[90m12:45:49.055[0m [33mDBG[0m env_file: /home/tom/Desktop/Medium/fetch_playground/AutonomousHegician/.env.libp2p [36mpackage=[0mAeaApi
[90m12:45:49.057[0m [33mDBG[0m msgin_path: /tmp/tmptxn6wdk9/aea_to_process [36mpackage=[0mAeaApi
[90m12:45:49.057[0m [33mDBG[0m msgout_path: /tmp/tmptxn6wdk9/process_to_aea [36mpackage=[0mAeaApi
[90m12:45:49.057[0m [33mDBG[0m id: 0b5284ecb5cbf5401e76f458dfacf7d45171be1faf2177f1e69a55c814a576c2 [36mpackage=[0mAeaApi
[90m12:45:49.057[0m [33mDBG[0m addr: 0xf268e2664f0B4CE495561a38e3252eDf73927784 [36mpackage=[0mAeaApi
[90m12:45:49.057[0m [33mDBG[0m entry_peers:  [36mpackage=[0mAeaApi
[90m12:45:49.057[0m [33mDBG[0m uri: 127.0.0.1:9000 [36mpackage=[0mAeaApi
[90m12:45:49.057[0m [33mDBG[0m uri public: 127.0.0.1:9000 [36mpackage=[0mAeaApi
[90m12:45:49.057[0m [33mDBG[0m uri delegate service: 127.0.0.1:11000 [36mpackage=[0mAeaApi
2020/08/22 12:45:49 successfully initialized API to AEA!
[90m12:45:49.179[0m [32mINF[0m INFO My ID is  [36mpackage=[0mDHTPeer [36mpeerid=[0m16Uiu2HAmPbFwCA6AXEPTv1jcTXPE6fqN9Ko4gfwJUB7BfEqYjpuZ
[90m12:45:49.179[0m [32mINF[0m successfully created libp2p node! [36mpackage=[0mDHTPeer [36mpeerid=[0m16Uiu2HAmPbFwCA6AXEPTv1jcTXPE6fqN9Ko4gfwJUB7BfEqYjpuZ
[90m12:45:49.179[0m [33mDBG[0m Setting /aea-register/0.1.0 stream... [36mpackage=[0mDHTPeer [36mpeerid=[0m16Uiu2HAmPbFwCA6AXEPTv1jcTXPE6fqN9Ko4gfwJUB7BfEqYjpuZ
[90m12:45:49.180[0m [33mDBG[0m Setting /aea-address/0.1.0 stream... [36mpackage=[0mDHTPeer [36mpeerid=[0m16Uiu2HAmPbFwCA6AXEPTv1jcTXPE6fqN9Ko4gfwJUB7BfEqYjpuZ
[90m12:45:49.180[0m [33mDBG[0m Setting /aea/0.1.0 stream... [36mpackage=[0mDHTPeer [36mpeerid=[0m16Uiu2HAmPbFwCA6AXEPTv1jcTXPE6fqN9Ko4gfwJUB7BfEqYjpuZ
[90m12:45:49.180[0m [32mINF[0m DelegateService listening for new connections... [36mpackage=[0mDHTPeer [36mpeerid=[0m16Uiu2HAmPbFwCA6AXEPTv1jcTXPE6fqN9Ko4gfwJUB7BfEqYjpuZ
MULTIADDRS_LIST_START
/dns4/127.0.0.1/tcp/9000/p2p/16Uiu2HAmPbFwCA6AXEPTv1jcTXPE6fqN9Ko4gfwJUB7BfEqYjpuZ
MULTIADDRS_LIST_END
[90m12:45:50.044[0m [32mINF[0m connected to agent [36mpackage=[0mAeaApi
[90m12:45:50.045[0m [32mINF[0m successfully connected to AEA!
[90m12:49:41.897[0m [32mINF[0m node stopped
[90m12:49:41.897[0m [32mINF[0m Stopping DHTPeer... [36mpackage=[0mDHTPeer [36mpeerid=[0m16Uiu2HAmPbFwCA6AXEPTv1jcTXPE6fqN9Ko4gfwJUB7BfEqYjpuZ
[90m12:49:41.897[0m [32mINF[0m DelegateService Stopped. [36mpackage=[0mDHTPeer [36mpeerid=[0m16Uiu2HAmPbFwCA6AXEPTv1jcTXPE6fqN9Ko4gfwJUB7BfEqYjpuZ
[90m12:54:36.237[0m [33mDBG[0m env_file: /home/tom/Desktop/Medium/fetch_playground/AutonomousHegician/.env.libp2p [36mpackage=[0mAeaApi
[90m12:54:36.239[0m [33mDBG[0m msgin_path: /tmp/tmpixgk3t4h/aea_to_process [36mpackage=[0mAeaApi
[90m12:54:36.239[0m [33mDBG[0m msgout_path: /tmp/tmpixgk3t4h/process_to_aea [36mpackage=[0mAeaApi
[90m12:54:36.239[0m [33mDBG[0m id: f7a1287bd941adf38e26cf597bc584c2c3ed675c5c85d8bb2cc94adc6613f34f [36mpackage=[0mAeaApi
[90m12:54:36.239[0m [33mDBG[0m addr: 0xf268e2664f0B4CE495561a38e3252eDf73927784 [36mpackage=[0mAeaApi
[90m12:54:36.239[0m [33mDBG[0m entry_peers:  [36mpackage=[0mAeaApi
[90m12:54:36.239[0m [33mDBG[0m uri: 127.0.0.1:9000 [36mpackage=[0mAeaApi
[90m12:54:36.239[0m [33mDBG[0m uri public: 127.0.0.1:9000 [36mpackage=[0mAeaApi
[90m12:54:36.239[0m [33mDBG[0m uri delegate service: 127.0.0.1:11000 [36mpackage=[0mAeaApi
2020/08/22 12:54:36 successfully initialized API to AEA!
[90m12:54:36.372[0m [32mINF[0m INFO My ID is  [36mpackage=[0mDHTPeer [36mpeerid=[0m16Uiu2HAmGE2Yv65G5p2R6RfPP9mqvqam16yYGU9JmuqUBpawWnf2
[90m12:54:36.372[0m [32mINF[0m successfully created libp2p node! [36mpackage=[0mDHTPeer [36mpeerid=[0m16Uiu2HAmGE2Yv65G5p2R6RfPP9mqvqam16yYGU9JmuqUBpawWnf2
[90m12:54:36.372[0m [33mDBG[0m Setting /aea-register/0.1.0 stream... [36mpackage=[0mDHTPeer [36mpeerid=[0m16Uiu2HAmGE2Yv65G5p2R6RfPP9mqvqam16yYGU9JmuqUBpawWnf2
[90m12:54:36.372[0m [33mDBG[0m Setting /aea-address/0.1.0 stream... [36mpackage=[0mDHTPeer [36mpeerid=[0m16Uiu2HAmGE2Yv65G5p2R6RfPP9mqvqam16yYGU9JmuqUBpawWnf2
[90m12:54:36.372[0m [33mDBG[0m Setting /aea/0.1.0 stream... [36mpackage=[0mDHTPeer [36mpeerid=[0m16Uiu2HAmGE2Yv65G5p2R6RfPP9mqvqam16yYGU9JmuqUBpawWnf2
[90m12:54:36.372[0m [32mINF[0m DelegateService listening for new connections... [36mpackage=[0mDHTPeer [36mpeerid=[0m16Uiu2HAmGE2Yv65G5p2R6RfPP9mqvqam16yYGU9JmuqUBpawWnf2
MULTIADDRS_LIST_START
/dns4/127.0.0.1/tcp/9000/p2p/16Uiu2HAmGE2Yv65G5p2R6RfPP9mqvqam16yYGU9JmuqUBpawWnf2
MULTIADDRS_LIST_END
[90m12:54:37.227[0m [32mINF[0m connected to agent [36mpackage=[0mAeaApi
[90m12:54:37.227[0m [32mINF[0m successfully connected to AEA!
[90m12:54:55.789[0m [32mINF[0m node stopped
[90m12:54:55.790[0m [32mINF[0m Stopping DHTPeer... [36mpackage=[0mDHTPeer [36mpeerid=[0m16Uiu2HAmGE2Yv65G5p2R6RfPP9mqvqam16yYGU9JmuqUBpawWnf2
[90m12:54:55.790[0m [32mINF[0m DelegateService Stopped. [36mpackage=[0mDHTPeer [36mpeerid=[0m16Uiu2HAmGE2Yv65G5p2R6RfPP9mqvqam16yYGU9JmuqUBpawWnf2
[90m12:55:18.809[0m [33mDBG[0m env_file: /home/tom/Desktop/Medium/fetch_playground/AutonomousHegician/.env.libp2p [36mpackage=[0mAeaApi
[90m12:55:18.810[0m [33mDBG[0m msgin_path: /tmp/tmpas9iqsy4/aea_to_process [36mpackage=[0mAeaApi
[90m12:55:18.810[0m [33mDBG[0m msgout_path: /tmp/tmpas9iqsy4/process_to_aea [36mpackage=[0mAeaApi
[90m12:55:18.810[0m [33mDBG[0m id: 420970f14b945a0bd2ef07b2479f220b2df8f8a556a8e47a6270edccc58e646c [36mpackage=[0mAeaApi
[90m12:55:18.810[0m [33mDBG[0m addr: 0xf268e2664f0B4CE495561a38e3252eDf73927784 [36mpackage=[0mAeaApi
[90m12:55:18.811[0m [33mDBG[0m entry_peers:  [36mpackage=[0mAeaApi
[90m12:55:18.811[0m [33mDBG[0m uri: 127.0.0.1:9000 [36mpackage=[0mAeaApi
[90m12:55:18.811[0m [33mDBG[0m uri public: 127.0.0.1:9000 [36mpackage=[0mAeaApi
[90m12:55:18.811[0m [33mDBG[0m uri delegate service: 127.0.0.1:11000 [36mpackage=[0mAeaApi
2020/08/22 12:55:18 successfully initialized API to AEA!
[90m12:55:18.934[0m [32mINF[0m INFO My ID is  [36mpackage=[0mDHTPeer [36mpeerid=[0m16Uiu2HAmRRESezb95YxsHB1aWAG65KuL1iZcWhpBoqbb44Fn1Yxe
[90m12:55:18.934[0m [32mINF[0m successfully created libp2p node! [36mpackage=[0mDHTPeer [36mpeerid=[0m16Uiu2HAmRRESezb95YxsHB1aWAG65KuL1iZcWhpBoqbb44Fn1Yxe
[90m12:55:18.934[0m [33mDBG[0m Setting /aea-register/0.1.0 stream... [36mpackage=[0mDHTPeer [36mpeerid=[0m16Uiu2HAmRRESezb95YxsHB1aWAG65KuL1iZcWhpBoqbb44Fn1Yxe
[90m12:55:18.935[0m [33mDBG[0m Setting /aea-address/0.1.0 stream... [36mpackage=[0mDHTPeer [36mpeerid=[0m16Uiu2HAmRRESezb95YxsHB1aWAG65KuL1iZcWhpBoqbb44Fn1Yxe
[90m12:55:18.935[0m [33mDBG[0m Setting /aea/0.1.0 stream... [36mpackage=[0mDHTPeer [36mpeerid=[0m16Uiu2HAmRRESezb95YxsHB1aWAG65KuL1iZcWhpBoqbb44Fn1Yxe
[90m12:55:18.935[0m [32mINF[0m DelegateService listening for new connections... [36mpackage=[0mDHTPeer [36mpeerid=[0m16Uiu2HAmRRESezb95YxsHB1aWAG65KuL1iZcWhpBoqbb44Fn1Yxe
MULTIADDRS_LIST_START
/dns4/127.0.0.1/tcp/9000/p2p/16Uiu2HAmRRESezb95YxsHB1aWAG65KuL1iZcWhpBoqbb44Fn1Yxe
MULTIADDRS_LIST_END
[90m12:55:19.798[0m [32mINF[0m connected to agent [36mpackage=[0mAeaApi
[90m12:55:19.798[0m [32mINF[0m successfully connected to AEA!
[90m13:00:46.531[0m [32mINF[0m node stopped
[90m13:00:46.531[0m [32mINF[0m Stopping DHTPeer... [36mpackage=[0mDHTPeer [36mpeerid=[0m16Uiu2HAmRRESezb95YxsHB1aWAG65KuL1iZcWhpBoqbb44Fn1Yxe
[90m13:00:46.531[0m [32mINF[0m DelegateService Stopped. [36mpackage=[0mDHTPeer [36mpeerid=[0m16Uiu2HAmRRESezb95YxsHB1aWAG65KuL1iZcWhpBoqbb44Fn1Yxe
[90m13:04:48.059[0m [33mDBG[0m env_file: /home/tom/Desktop/Medium/fetch_playground/AutonomousHegician/.env.libp2p [36mpackage=[0mAeaApi
[90m13:04:48.060[0m [33mDBG[0m msgin_path: /tmp/tmpkb_4bp7k/aea_to_process [36mpackage=[0mAeaApi
[90m13:04:48.060[0m [33mDBG[0m msgout_path: /tmp/tmpkb_4bp7k/process_to_aea [36mpackage=[0mAeaApi
[90m13:04:48.060[0m [33mDBG[0m id: ae828c87cfbc3e69cdcde4d1beef163bd5b584b8e998990601d2d97ad7bb1bcf [36mpackage=[0mAeaApi
[90m13:04:48.060[0m [33mDBG[0m addr: 0xf268e2664f0B4CE495561a38e3252eDf73927784 [36mpackage=[0mAeaApi
[90m13:04:48.060[0m [33mDBG[0m entry_peers:  [36mpackage=[0mAeaApi
[90m13:04:48.060[0m [33mDBG[0m uri: 127.0.0.1:9000 [36mpackage=[0mAeaApi
[90m13:04:48.060[0m [33mDBG[0m uri public: 127.0.0.1:9000 [36mpackage=[0mAeaApi
[90m13:04:48.060[0m [33mDBG[0m uri delegate service: 127.0.0.1:11000 [36mpackage=[0mAeaApi
2020/08/22 13:04:48 successfully initialized API to AEA!
[90m13:04:48.179[0m [32mINF[0m INFO My ID is  [36mpackage=[0mDHTPeer [36mpeerid=[0m16Uiu2HAm6KKWFxxMhNqu93V7fxy3EBXtNpD3qZGmqQi52vJ8UzQp
[90m13:04:48.179[0m [32mINF[0m successfully created libp2p node! [36mpackage=[0mDHTPeer [36mpeerid=[0m16Uiu2HAm6KKWFxxMhNqu93V7fxy3EBXtNpD3qZGmqQi52vJ8UzQp
[90m13:04:48.179[0m [33mDBG[0m Setting /aea-register/0.1.0 stream... [36mpackage=[0mDHTPeer [36mpeerid=[0m16Uiu2HAm6KKWFxxMhNqu93V7fxy3EBXtNpD3qZGmqQi52vJ8UzQp
[90m13:04:48.180[0m [33mDBG[0m Setting /aea-address/0.1.0 stream... [36mpackage=[0mDHTPeer [36mpeerid=[0m16Uiu2HAm6KKWFxxMhNqu93V7fxy3EBXtNpD3qZGmqQi52vJ8UzQp
[90m13:04:48.180[0m [33mDBG[0m Setting /aea/0.1.0 stream... [36mpackage=[0mDHTPeer [36mpeerid=[0m16Uiu2HAm6KKWFxxMhNqu93V7fxy3EBXtNpD3qZGmqQi52vJ8UzQp
[90m13:04:48.180[0m [32mINF[0m DelegateService listening for new connections... [36mpackage=[0mDHTPeer [36mpeerid=[0m16Uiu2HAm6KKWFxxMhNqu93V7fxy3EBXtNpD3qZGmqQi52vJ8UzQp
MULTIADDRS_LIST_START
/dns4/127.0.0.1/tcp/9000/p2p/16Uiu2HAm6KKWFxxMhNqu93V7fxy3EBXtNpD3qZGmqQi52vJ8UzQp
MULTIADDRS_LIST_END
[90m13:04:49.049[0m [32mINF[0m connected to agent [36mpackage=[0mAeaApi
[90m13:04:49.049[0m [32mINF[0m successfully connected to AEA!
[90m13:07:25.723[0m [32mINF[0m node stopped
[90m13:07:25.724[0m [32mINF[0m Stopping DHTPeer... [36mpackage=[0mDHTPeer [36mpeerid=[0m16Uiu2HAm6KKWFxxMhNqu93V7fxy3EBXtNpD3qZGmqQi52vJ8UzQp
[90m13:07:25.724[0m [32mINF[0m DelegateService Stopped. [36mpackage=[0mDHTPeer [36mpeerid=[0m16Uiu2HAm6KKWFxxMhNqu93V7fxy3EBXtNpD3qZGmqQi52vJ8UzQp
[90m13:07:41.498[0m [33mDBG[0m env_file: /home/tom/Desktop/Medium/fetch_playground/AutonomousHegician/.env.libp2p [36mpackage=[0mAeaApi
[90m13:07:41.499[0m [33mDBG[0m msgin_path: /tmp/tmpwhz39x6w/aea_to_process [36mpackage=[0mAeaApi
[90m13:07:41.499[0m [33mDBG[0m msgout_path: /tmp/tmpwhz39x6w/process_to_aea [36mpackage=[0mAeaApi
[90m13:07:41.499[0m [33mDBG[0m id: f3b36370a917b2c62228ff3cb067caa537316d7b95b58b0591a7e66a04731647 [36mpackage=[0mAeaApi
[90m13:07:41.499[0m [33mDBG[0m addr: 0xf268e2664f0B4CE495561a38e3252eDf73927784 [36mpackage=[0mAeaApi
[90m13:07:41.500[0m [33mDBG[0m entry_peers:  [36mpackage=[0mAeaApi
[90m13:07:41.500[0m [33mDBG[0m uri: 127.0.0.1:9000 [36mpackage=[0mAeaApi
[90m13:07:41.500[0m [33mDBG[0m uri public: 127.0.0.1:9000 [36mpackage=[0mAeaApi
[90m13:07:41.500[0m [33mDBG[0m uri delegate service: 127.0.0.1:11000 [36mpackage=[0mAeaApi
2020/08/22 13:07:41 successfully initialized API to AEA!
[90m13:07:41.621[0m [32mINF[0m INFO My ID is  [36mpackage=[0mDHTPeer [36mpeerid=[0m16Uiu2HAkxfyfZLWC9LrfHCmLWLXHCrVHvsyXDRjA81UBDJubqyQw
[90m13:07:41.622[0m [32mINF[0m successfully created libp2p node! [36mpackage=[0mDHTPeer [36mpeerid=[0m16Uiu2HAkxfyfZLWC9LrfHCmLWLXHCrVHvsyXDRjA81UBDJubqyQw
[90m13:07:41.622[0m [33mDBG[0m Setting /aea-register/0.1.0 stream... [36mpackage=[0mDHTPeer [36mpeerid=[0m16Uiu2HAkxfyfZLWC9LrfHCmLWLXHCrVHvsyXDRjA81UBDJubqyQw
[90m13:07:41.622[0m [33mDBG[0m Setting /aea-address/0.1.0 stream... [36mpackage=[0mDHTPeer [36mpeerid=[0m16Uiu2HAkxfyfZLWC9LrfHCmLWLXHCrVHvsyXDRjA81UBDJubqyQw
[90m13:07:41.622[0m [33mDBG[0m Setting /aea/0.1.0 stream... [36mpackage=[0mDHTPeer [36mpeerid=[0m16Uiu2HAkxfyfZLWC9LrfHCmLWLXHCrVHvsyXDRjA81UBDJubqyQw
[90m13:07:41.622[0m [32mINF[0m DelegateService listening for new connections... [36mpackage=[0mDHTPeer [36mpeerid=[0m16Uiu2HAkxfyfZLWC9LrfHCmLWLXHCrVHvsyXDRjA81UBDJubqyQw
MULTIADDRS_LIST_START
/dns4/127.0.0.1/tcp/9000/p2p/16Uiu2HAkxfyfZLWC9LrfHCmLWLXHCrVHvsyXDRjA81UBDJubqyQw
MULTIADDRS_LIST_END
[90m13:07:42.488[0m [32mINF[0m connected to agent [36mpackage=[0mAeaApi
[90m13:07:42.488[0m [32mINF[0m successfully connected to AEA!
[90m13:08:13.305[0m [33mDBG[0m env_file: /home/tom/Desktop/Medium/fetch_playground/AutonomousHegician/.env.libp2p [36mpackage=[0mAeaApi
[90m13:08:13.306[0m [33mDBG[0m msgin_path: /tmp/tmpy6wbm2oo/aea_to_process [36mpackage=[0mAeaApi
[90m13:08:13.307[0m [33mDBG[0m msgout_path: /tmp/tmpy6wbm2oo/process_to_aea [36mpackage=[0mAeaApi
[90m13:08:13.307[0m [33mDBG[0m id: 8ce01eb9d8c30122bb1fa4af66a0f7637ba31089ca50cab24372aa1247941af6 [36mpackage=[0mAeaApi
[90m13:08:13.307[0m [33mDBG[0m addr: 0xf268e2664f0B4CE495561a38e3252eDf73927784 [36mpackage=[0mAeaApi
[90m13:08:13.307[0m [33mDBG[0m entry_peers:  [36mpackage=[0mAeaApi
[90m13:08:13.307[0m [33mDBG[0m uri: 127.0.0.1:9000 [36mpackage=[0mAeaApi
[90m13:08:13.307[0m [33mDBG[0m uri public: 127.0.0.1:9000 [36mpackage=[0mAeaApi
[90m13:08:13.307[0m [33mDBG[0m uri delegate service: 127.0.0.1:11000 [36mpackage=[0mAeaApi
2020/08/22 13:08:13 successfully initialized API to AEA!
[90m13:08:13.432[0m [32mINF[0m INFO My ID is  [36mpackage=[0mDHTPeer [36mpeerid=[0m16Uiu2HAmLjHCfe7NhFYEvz1J9B3xRJeSNBBt72QjsQeYfiJY7Bv6
[90m13:08:13.433[0m [32mINF[0m successfully created libp2p node! [36mpackage=[0mDHTPeer [36mpeerid=[0m16Uiu2HAmLjHCfe7NhFYEvz1J9B3xRJeSNBBt72QjsQeYfiJY7Bv6
[90m13:08:13.433[0m [33mDBG[0m Setting /aea-register/0.1.0 stream... [36mpackage=[0mDHTPeer [36mpeerid=[0m16Uiu2HAmLjHCfe7NhFYEvz1J9B3xRJeSNBBt72QjsQeYfiJY7Bv6
[90m13:08:13.433[0m [33mDBG[0m Setting /aea-address/0.1.0 stream... [36mpackage=[0mDHTPeer [36mpeerid=[0m16Uiu2HAmLjHCfe7NhFYEvz1J9B3xRJeSNBBt72QjsQeYfiJY7Bv6
[90m13:08:13.433[0m [33mDBG[0m Setting /aea/0.1.0 stream... [36mpackage=[0mDHTPeer [36mpeerid=[0m16Uiu2HAmLjHCfe7NhFYEvz1J9B3xRJeSNBBt72QjsQeYfiJY7Bv6
[90m13:08:13.433[0m [32mINF[0m DelegateService listening for new connections... [36mpackage=[0mDHTPeer [36mpeerid=[0m16Uiu2HAmLjHCfe7NhFYEvz1J9B3xRJeSNBBt72QjsQeYfiJY7Bv6
MULTIADDRS_LIST_START
/dns4/127.0.0.1/tcp/9000/p2p/16Uiu2HAmLjHCfe7NhFYEvz1J9B3xRJeSNBBt72QjsQeYfiJY7Bv6
MULTIADDRS_LIST_END
[90m13:08:14.290[0m [32mINF[0m connected to agent [36mpackage=[0mAeaApi
[90m13:08:14.290[0m [32mINF[0m successfully connected to AEA!
[90m13:09:02.417[0m [33mDBG[0m env_file: /home/tom/Desktop/Medium/fetch_playground/AutonomousHegician/.env.libp2p [36mpackage=[0mAeaApi
[90m13:09:02.418[0m [33mDBG[0m msgin_path: /tmp/tmpm6zav4_n/aea_to_process [36mpackage=[0mAeaApi
[90m13:09:02.418[0m [33mDBG[0m msgout_path: /tmp/tmpm6zav4_n/process_to_aea [36mpackage=[0mAeaApi
[90m13:09:02.418[0m [33mDBG[0m id: 7b9b1604f528f381dcbc3384d86eb25817237db9cd58148c35a24512e3ca4764 [36mpackage=[0mAeaApi
[90m13:09:02.418[0m [33mDBG[0m addr: 0xf268e2664f0B4CE495561a38e3252eDf73927784 [36mpackage=[0mAeaApi
[90m13:09:02.418[0m [33mDBG[0m entry_peers:  [36mpackage=[0mAeaApi
[90m13:09:02.418[0m [33mDBG[0m uri: 127.0.0.1:9000 [36mpackage=[0mAeaApi
[90m13:09:02.418[0m [33mDBG[0m uri public: 127.0.0.1:9000 [36mpackage=[0mAeaApi
[90m13:09:02.418[0m [33mDBG[0m uri delegate service: 127.0.0.1:11000 [36mpackage=[0mAeaApi
2020/08/22 13:09:02 successfully initialized API to AEA!
[90m13:09:02.535[0m [32mINF[0m INFO My ID is  [36mpackage=[0mDHTPeer [36mpeerid=[0m16Uiu2HAmB3jG5MTCeDKaiLJmbYNYzhz1NHHYdTFPNZG4XecpzpgK
[90m13:09:02.536[0m [32mINF[0m successfully created libp2p node! [36mpackage=[0mDHTPeer [36mpeerid=[0m16Uiu2HAmB3jG5MTCeDKaiLJmbYNYzhz1NHHYdTFPNZG4XecpzpgK
[90m13:09:02.536[0m [33mDBG[0m Setting /aea-register/0.1.0 stream... [36mpackage=[0mDHTPeer [36mpeerid=[0m16Uiu2HAmB3jG5MTCeDKaiLJmbYNYzhz1NHHYdTFPNZG4XecpzpgK
[90m13:09:02.536[0m [33mDBG[0m Setting /aea-address/0.1.0 stream... [36mpackage=[0mDHTPeer [36mpeerid=[0m16Uiu2HAmB3jG5MTCeDKaiLJmbYNYzhz1NHHYdTFPNZG4XecpzpgK
[90m13:09:02.536[0m [33mDBG[0m Setting /aea/0.1.0 stream... [36mpackage=[0mDHTPeer [36mpeerid=[0m16Uiu2HAmB3jG5MTCeDKaiLJmbYNYzhz1NHHYdTFPNZG4XecpzpgK
[90m13:09:02.536[0m [32mINF[0m DelegateService listening for new connections... [36mpackage=[0mDHTPeer [36mpeerid=[0m16Uiu2HAmB3jG5MTCeDKaiLJmbYNYzhz1NHHYdTFPNZG4XecpzpgK
MULTIADDRS_LIST_START
/dns4/127.0.0.1/tcp/9000/p2p/16Uiu2HAmB3jG5MTCeDKaiLJmbYNYzhz1NHHYdTFPNZG4XecpzpgK
MULTIADDRS_LIST_END
[90m13:09:03.406[0m [32mINF[0m connected to agent [36mpackage=[0mAeaApi
[90m13:09:03.406[0m [32mINF[0m successfully connected to AEA!
[90m13:12:40.007[0m [33mDBG[0m env_file: /home/tom/Desktop/Medium/fetch_playground/AutonomousHegician/.env.libp2p [36mpackage=[0mAeaApi
[90m13:12:40.008[0m [33mDBG[0m msgin_path: /tmp/tmp1m3gcryi/aea_to_process [36mpackage=[0mAeaApi
[90m13:12:40.008[0m [33mDBG[0m msgout_path: /tmp/tmp1m3gcryi/process_to_aea [36mpackage=[0mAeaApi
[90m13:12:40.008[0m [33mDBG[0m id: b1fd7d36507e19fbc68c4629244e59781b003d1a848def4f191e8aaaf8289abb [36mpackage=[0mAeaApi
[90m13:12:40.009[0m [33mDBG[0m addr: 0xf268e2664f0B4CE495561a38e3252eDf73927784 [36mpackage=[0mAeaApi
[90m13:12:40.009[0m [33mDBG[0m entry_peers:  [36mpackage=[0mAeaApi
[90m13:12:40.009[0m [33mDBG[0m uri: 127.0.0.1:9000 [36mpackage=[0mAeaApi
[90m13:12:40.009[0m [33mDBG[0m uri public: 127.0.0.1:9000 [36mpackage=[0mAeaApi
[90m13:12:40.009[0m [33mDBG[0m uri delegate service: 127.0.0.1:11000 [36mpackage=[0mAeaApi
2020/08/22 13:12:40 successfully initialized API to AEA!
[90m13:12:40.129[0m [32mINF[0m INFO My ID is  [36mpackage=[0mDHTPeer [36mpeerid=[0m16Uiu2HAmKKkcC7SM8S9RJzY73UJYLa3rRysUQdS9sLeH9C2tyA4m
[90m13:12:40.129[0m [32mINF[0m successfully created libp2p node! [36mpackage=[0mDHTPeer [36mpeerid=[0m16Uiu2HAmKKkcC7SM8S9RJzY73UJYLa3rRysUQdS9sLeH9C2tyA4m
[90m13:12:40.129[0m [33mDBG[0m Setting /aea-register/0.1.0 stream... [36mpackage=[0mDHTPeer [36mpeerid=[0m16Uiu2HAmKKkcC7SM8S9RJzY73UJYLa3rRysUQdS9sLeH9C2tyA4m
[90m13:12:40.129[0m [33mDBG[0m Setting /aea-address/0.1.0 stream... [36mpackage=[0mDHTPeer [36mpeerid=[0m16Uiu2HAmKKkcC7SM8S9RJzY73UJYLa3rRysUQdS9sLeH9C2tyA4m
[90m13:12:40.130[0m [33mDBG[0m Setting /aea/0.1.0 stream... [36mpackage=[0mDHTPeer [36mpeerid=[0m16Uiu2HAmKKkcC7SM8S9RJzY73UJYLa3rRysUQdS9sLeH9C2tyA4m
[90m13:12:40.130[0m [32mINF[0m DelegateService listening for new connections... [36mpackage=[0mDHTPeer [36mpeerid=[0m16Uiu2HAmKKkcC7SM8S9RJzY73UJYLa3rRysUQdS9sLeH9C2tyA4m
MULTIADDRS_LIST_START
/dns4/127.0.0.1/tcp/9000/p2p/16Uiu2HAmKKkcC7SM8S9RJzY73UJYLa3rRysUQdS9sLeH9C2tyA4m
MULTIADDRS_LIST_END
[90m13:12:40.997[0m [32mINF[0m connected to agent [36mpackage=[0mAeaApi
[90m13:12:40.997[0m [32mINF[0m successfully connected to AEA!
[90m13:14:51.675[0m [33mDBG[0m env_file: /home/tom/Desktop/Medium/fetch_playground/AutonomousHegician/.env.libp2p [36mpackage=[0mAeaApi
[90m13:14:51.677[0m [33mDBG[0m msgin_path: /tmp/tmp3_y1a2fq/aea_to_process [36mpackage=[0mAeaApi
[90m13:14:51.677[0m [33mDBG[0m msgout_path: /tmp/tmp3_y1a2fq/process_to_aea [36mpackage=[0mAeaApi
[90m13:14:51.677[0m [33mDBG[0m id: fb77539f51dcdf1c69fc9dc8ab9db85f77e7f48e3f49189dbd5b2e997a46aa64 [36mpackage=[0mAeaApi
[90m13:14:51.677[0m [33mDBG[0m addr: 0xf268e2664f0B4CE495561a38e3252eDf73927784 [36mpackage=[0mAeaApi
[90m13:14:51.677[0m [33mDBG[0m entry_peers:  [36mpackage=[0mAeaApi
[90m13:14:51.677[0m [33mDBG[0m uri: 127.0.0.1:9000 [36mpackage=[0mAeaApi
[90m13:14:51.677[0m [33mDBG[0m uri public: 127.0.0.1:9000 [36mpackage=[0mAeaApi
[90m13:14:51.677[0m [33mDBG[0m uri delegate service: 127.0.0.1:11000 [36mpackage=[0mAeaApi
2020/08/22 13:14:51 successfully initialized API to AEA!
[90m13:14:51.800[0m [32mINF[0m INFO My ID is  [36mpackage=[0mDHTPeer [36mpeerid=[0m16Uiu2HAmMrVZCjmK3ZgAf76GsKtgMdxvundAFHcKBnU4qvaoR6JE
[90m13:14:51.800[0m [32mINF[0m successfully created libp2p node! [36mpackage=[0mDHTPeer [36mpeerid=[0m16Uiu2HAmMrVZCjmK3ZgAf76GsKtgMdxvundAFHcKBnU4qvaoR6JE
[90m13:14:51.800[0m [33mDBG[0m Setting /aea-register/0.1.0 stream... [36mpackage=[0mDHTPeer [36mpeerid=[0m16Uiu2HAmMrVZCjmK3ZgAf76GsKtgMdxvundAFHcKBnU4qvaoR6JE
[90m13:14:51.800[0m [33mDBG[0m Setting /aea-address/0.1.0 stream... [36mpackage=[0mDHTPeer [36mpeerid=[0m16Uiu2HAmMrVZCjmK3ZgAf76GsKtgMdxvundAFHcKBnU4qvaoR6JE
[90m13:14:51.800[0m [33mDBG[0m Setting /aea/0.1.0 stream... [36mpackage=[0mDHTPeer [36mpeerid=[0m16Uiu2HAmMrVZCjmK3ZgAf76GsKtgMdxvundAFHcKBnU4qvaoR6JE
[90m13:14:51.800[0m [32mINF[0m DelegateService listening for new connections... [36mpackage=[0mDHTPeer [36mpeerid=[0m16Uiu2HAmMrVZCjmK3ZgAf76GsKtgMdxvundAFHcKBnU4qvaoR6JE
MULTIADDRS_LIST_START
/dns4/127.0.0.1/tcp/9000/p2p/16Uiu2HAmMrVZCjmK3ZgAf76GsKtgMdxvundAFHcKBnU4qvaoR6JE
MULTIADDRS_LIST_END
[90m13:14:52.660[0m [32mINF[0m connected to agent [36mpackage=[0mAeaApi
[90m13:14:52.661[0m [32mINF[0m successfully connected to AEA!
[90m13:16:08.492[0m [33mDBG[0m env_file: /home/tom/Desktop/Medium/fetch_playground/AutonomousHegician/.env.libp2p [36mpackage=[0mAeaApi
[90m13:16:08.493[0m [33mDBG[0m msgin_path: /tmp/tmp6r807bz8/aea_to_process [36mpackage=[0mAeaApi
[90m13:16:08.493[0m [33mDBG[0m msgout_path: /tmp/tmp6r807bz8/process_to_aea [36mpackage=[0mAeaApi
[90m13:16:08.493[0m [33mDBG[0m id: f113972b17f532148d7c79af63e5ce3e22da457a4ef47e3d2e047780dfbbbe99 [36mpackage=[0mAeaApi
[90m13:16:08.493[0m [33mDBG[0m addr: 0xf268e2664f0B4CE495561a38e3252eDf73927784 [36mpackage=[0mAeaApi
[90m13:16:08.494[0m [33mDBG[0m entry_peers:  [36mpackage=[0mAeaApi
[90m13:16:08.494[0m [33mDBG[0m uri: 127.0.0.1:9000 [36mpackage=[0mAeaApi
[90m13:16:08.494[0m [33mDBG[0m uri public: 127.0.0.1:9000 [36mpackage=[0mAeaApi
[90m13:16:08.494[0m [33mDBG[0m uri delegate service: 127.0.0.1:11000 [36mpackage=[0mAeaApi
2020/08/22 13:16:08 successfully initialized API to AEA!
[90m13:16:08.610[0m [32mINF[0m INFO My ID is  [36mpackage=[0mDHTPeer [36mpeerid=[0m16Uiu2HAm9mTdnifju2SJYnhvsVZpHHjF1xi1tf53AaQrdVTrcxSk
[90m13:16:08.610[0m [32mINF[0m successfully created libp2p node! [36mpackage=[0mDHTPeer [36mpeerid=[0m16Uiu2HAm9mTdnifju2SJYnhvsVZpHHjF1xi1tf53AaQrdVTrcxSk
[90m13:16:08.610[0m [33mDBG[0m Setting /aea-register/0.1.0 stream... [36mpackage=[0mDHTPeer [36mpeerid=[0m16Uiu2HAm9mTdnifju2SJYnhvsVZpHHjF1xi1tf53AaQrdVTrcxSk
[90m13:16:08.611[0m [33mDBG[0m Setting /aea-address/0.1.0 stream... [36mpackage=[0mDHTPeer [36mpeerid=[0m16Uiu2HAm9mTdnifju2SJYnhvsVZpHHjF1xi1tf53AaQrdVTrcxSk
[90m13:16:08.611[0m [33mDBG[0m Setting /aea/0.1.0 stream... [36mpackage=[0mDHTPeer [36mpeerid=[0m16Uiu2HAm9mTdnifju2SJYnhvsVZpHHjF1xi1tf53AaQrdVTrcxSk
[90m13:16:08.611[0m [32mINF[0m DelegateService listening for new connections... [36mpackage=[0mDHTPeer [36mpeerid=[0m16Uiu2HAm9mTdnifju2SJYnhvsVZpHHjF1xi1tf53AaQrdVTrcxSk
MULTIADDRS_LIST_START
/dns4/127.0.0.1/tcp/9000/p2p/16Uiu2HAm9mTdnifju2SJYnhvsVZpHHjF1xi1tf53AaQrdVTrcxSk
MULTIADDRS_LIST_END
[90m13:16:09.482[0m [32mINF[0m connected to agent [36mpackage=[0mAeaApi
[90m13:16:09.482[0m [32mINF[0m successfully connected to AEA!
[90m13:17:14.221[0m [33mDBG[0m env_file: /home/tom/Desktop/Medium/fetch_playground/AutonomousHegician/.env.libp2p [36mpackage=[0mAeaApi
[90m13:17:14.222[0m [33mDBG[0m msgin_path: /tmp/tmpyxxturqi/aea_to_process [36mpackage=[0mAeaApi
[90m13:17:14.223[0m [33mDBG[0m msgout_path: /tmp/tmpyxxturqi/process_to_aea [36mpackage=[0mAeaApi
[90m13:17:14.223[0m [33mDBG[0m id: 4f6ca017b0fe80b33eb1716d99b3706daf3ba720641183d049954e5cf6eded97 [36mpackage=[0mAeaApi
[90m13:17:14.223[0m [33mDBG[0m addr: 0xf268e2664f0B4CE495561a38e3252eDf73927784 [36mpackage=[0mAeaApi
[90m13:17:14.223[0m [33mDBG[0m entry_peers:  [36mpackage=[0mAeaApi
[90m13:17:14.223[0m [33mDBG[0m uri: 127.0.0.1:9000 [36mpackage=[0mAeaApi
[90m13:17:14.223[0m [33mDBG[0m uri public: 127.0.0.1:9000 [36mpackage=[0mAeaApi
[90m13:17:14.223[0m [33mDBG[0m uri delegate service: 127.0.0.1:11000 [36mpackage=[0mAeaApi
2020/08/22 13:17:14 successfully initialized API to AEA!
[90m13:17:14.342[0m [32mINF[0m INFO My ID is  [36mpackage=[0mDHTPeer [36mpeerid=[0m16Uiu2HAm78YHQ6hDPeVGAokKRohqcMLSXqztzbAuyLicMzSh6nca
[90m13:17:14.342[0m [32mINF[0m successfully created libp2p node! [36mpackage=[0mDHTPeer [36mpeerid=[0m16Uiu2HAm78YHQ6hDPeVGAokKRohqcMLSXqztzbAuyLicMzSh6nca
[90m13:17:14.342[0m [33mDBG[0m Setting /aea-register/0.1.0 stream... [36mpackage=[0mDHTPeer [36mpeerid=[0m16Uiu2HAm78YHQ6hDPeVGAokKRohqcMLSXqztzbAuyLicMzSh6nca
[90m13:17:14.342[0m [33mDBG[0m Setting /aea-address/0.1.0 stream... [36mpackage=[0mDHTPeer [36mpeerid=[0m16Uiu2HAm78YHQ6hDPeVGAokKRohqcMLSXqztzbAuyLicMzSh6nca
[90m13:17:14.342[0m [33mDBG[0m Setting /aea/0.1.0 stream... [36mpackage=[0mDHTPeer [36mpeerid=[0m16Uiu2HAm78YHQ6hDPeVGAokKRohqcMLSXqztzbAuyLicMzSh6nca
[90m13:17:14.342[0m [32mINF[0m DelegateService listening for new connections... [36mpackage=[0mDHTPeer [36mpeerid=[0m16Uiu2HAm78YHQ6hDPeVGAokKRohqcMLSXqztzbAuyLicMzSh6nca
MULTIADDRS_LIST_START
/dns4/127.0.0.1/tcp/9000/p2p/16Uiu2HAm78YHQ6hDPeVGAokKRohqcMLSXqztzbAuyLicMzSh6nca
MULTIADDRS_LIST_END
[90m13:17:15.210[0m [32mINF[0m connected to agent [36mpackage=[0mAeaApi
[90m13:17:15.211[0m [32mINF[0m successfully connected to AEA!
[90m13:17:47.230[0m [33mDBG[0m env_file: /home/tom/Desktop/Medium/fetch_playground/AutonomousHegician/.env.libp2p [36mpackage=[0mAeaApi
[90m13:17:47.232[0m [33mDBG[0m msgin_path: /tmp/tmpfh3bs1ah/aea_to_process [36mpackage=[0mAeaApi
[90m13:17:47.232[0m [33mDBG[0m msgout_path: /tmp/tmpfh3bs1ah/process_to_aea [36mpackage=[0mAeaApi
[90m13:17:47.232[0m [33mDBG[0m id: 135fd7b9ef8b00846e29e1c60e10634d7439f563f81b52ff246dc41d47e93a1d [36mpackage=[0mAeaApi
[90m13:17:47.232[0m [33mDBG[0m addr: 0xf268e2664f0B4CE495561a38e3252eDf73927784 [36mpackage=[0mAeaApi
[90m13:17:47.232[0m [33mDBG[0m entry_peers:  [36mpackage=[0mAeaApi
[90m13:17:47.232[0m [33mDBG[0m uri: 127.0.0.1:9000 [36mpackage=[0mAeaApi
[90m13:17:47.232[0m [33mDBG[0m uri public: 127.0.0.1:9000 [36mpackage=[0mAeaApi
[90m13:17:47.232[0m [33mDBG[0m uri delegate service: 127.0.0.1:11000 [36mpackage=[0mAeaApi
2020/08/22 13:17:47 successfully initialized API to AEA!
[90m13:17:47.360[0m [32mINF[0m INFO My ID is  [36mpackage=[0mDHTPeer [36mpeerid=[0m16Uiu2HAkvUkNZyHCDywy9xvaBgxayZ7a937jwTCaUqQAv16Nbrwk
[90m13:17:47.360[0m [32mINF[0m successfully created libp2p node! [36mpackage=[0mDHTPeer [36mpeerid=[0m16Uiu2HAkvUkNZyHCDywy9xvaBgxayZ7a937jwTCaUqQAv16Nbrwk
[90m13:17:47.360[0m [33mDBG[0m Setting /aea-register/0.1.0 stream... [36mpackage=[0mDHTPeer [36mpeerid=[0m16Uiu2HAkvUkNZyHCDywy9xvaBgxayZ7a937jwTCaUqQAv16Nbrwk
[90m13:17:47.360[0m [33mDBG[0m Setting /aea-address/0.1.0 stream... [36mpackage=[0mDHTPeer [36mpeerid=[0m16Uiu2HAkvUkNZyHCDywy9xvaBgxayZ7a937jwTCaUqQAv16Nbrwk
[90m13:17:47.360[0m [33mDBG[0m Setting /aea/0.1.0 stream... [36mpackage=[0mDHTPeer [36mpeerid=[0m16Uiu2HAkvUkNZyHCDywy9xvaBgxayZ7a937jwTCaUqQAv16Nbrwk
[90m13:17:47.361[0m [32mINF[0m DelegateService listening for new connections... [36mpackage=[0mDHTPeer [36mpeerid=[0m16Uiu2HAkvUkNZyHCDywy9xvaBgxayZ7a937jwTCaUqQAv16Nbrwk
MULTIADDRS_LIST_START
/dns4/127.0.0.1/tcp/9000/p2p/16Uiu2HAkvUkNZyHCDywy9xvaBgxayZ7a937jwTCaUqQAv16Nbrwk
MULTIADDRS_LIST_END
[90m13:17:48.217[0m [32mINF[0m connected to agent [36mpackage=[0mAeaApi
[90m13:17:48.217[0m [32mINF[0m successfully connected to AEA!
[90m13:18:44.685[0m [33mDBG[0m env_file: /home/tom/Desktop/Medium/fetch_playground/AutonomousHegician/.env.libp2p [36mpackage=[0mAeaApi
[90m13:18:44.687[0m [33mDBG[0m msgin_path: /tmp/tmpy2cxjhff/aea_to_process [36mpackage=[0mAeaApi
[90m13:18:44.687[0m [33mDBG[0m msgout_path: /tmp/tmpy2cxjhff/process_to_aea [36mpackage=[0mAeaApi
[90m13:18:44.687[0m [33mDBG[0m id: f5ccfcfcab84aa6109317d4e567d6444fe915d43385ee9e6b5214dcd1ab5ef9e [36mpackage=[0mAeaApi
[90m13:18:44.687[0m [33mDBG[0m addr: 0xf268e2664f0B4CE495561a38e3252eDf73927784 [36mpackage=[0mAeaApi
[90m13:18:44.687[0m [33mDBG[0m entry_peers:  [36mpackage=[0mAeaApi
[90m13:18:44.687[0m [33mDBG[0m uri: 127.0.0.1:9000 [36mpackage=[0mAeaApi
[90m13:18:44.687[0m [33mDBG[0m uri public: 127.0.0.1:9000 [36mpackage=[0mAeaApi
[90m13:18:44.687[0m [33mDBG[0m uri delegate service: 127.0.0.1:11000 [36mpackage=[0mAeaApi
2020/08/22 13:18:44 successfully initialized API to AEA!
[90m13:18:44.811[0m [32mINF[0m INFO My ID is  [36mpackage=[0mDHTPeer [36mpeerid=[0m16Uiu2HAm55XkZdybA6SuwnKBo7vgZZqwXiNjFjBrM2svgq52wDRc
[90m13:18:44.811[0m [32mINF[0m successfully created libp2p node! [36mpackage=[0mDHTPeer [36mpeerid=[0m16Uiu2HAm55XkZdybA6SuwnKBo7vgZZqwXiNjFjBrM2svgq52wDRc
[90m13:18:44.811[0m [33mDBG[0m Setting /aea-register/0.1.0 stream... [36mpackage=[0mDHTPeer [36mpeerid=[0m16Uiu2HAm55XkZdybA6SuwnKBo7vgZZqwXiNjFjBrM2svgq52wDRc
[90m13:18:44.811[0m [33mDBG[0m Setting /aea-address/0.1.0 stream... [36mpackage=[0mDHTPeer [36mpeerid=[0m16Uiu2HAm55XkZdybA6SuwnKBo7vgZZqwXiNjFjBrM2svgq52wDRc
[90m13:18:44.812[0m [33mDBG[0m Setting /aea/0.1.0 stream... [36mpackage=[0mDHTPeer [36mpeerid=[0m16Uiu2HAm55XkZdybA6SuwnKBo7vgZZqwXiNjFjBrM2svgq52wDRc
[90m13:18:44.812[0m [32mINF[0m DelegateService listening for new connections... [36mpackage=[0mDHTPeer [36mpeerid=[0m16Uiu2HAm55XkZdybA6SuwnKBo7vgZZqwXiNjFjBrM2svgq52wDRc
MULTIADDRS_LIST_START
/dns4/127.0.0.1/tcp/9000/p2p/16Uiu2HAm55XkZdybA6SuwnKBo7vgZZqwXiNjFjBrM2svgq52wDRc
MULTIADDRS_LIST_END
[90m13:18:45.672[0m [32mINF[0m connected to agent [36mpackage=[0mAeaApi
[90m13:18:45.672[0m [32mINF[0m successfully connected to AEA!
[90m13:20:53.375[0m [33mDBG[0m env_file: /home/tom/Desktop/Medium/fetch_playground/AutonomousHegician/.env.libp2p [36mpackage=[0mAeaApi
[90m13:20:53.376[0m [33mDBG[0m msgin_path: /tmp/tmpcg3nicik/aea_to_process [36mpackage=[0mAeaApi
[90m13:20:53.376[0m [33mDBG[0m msgout_path: /tmp/tmpcg3nicik/process_to_aea [36mpackage=[0mAeaApi
[90m13:20:53.376[0m [33mDBG[0m id: 5c28ba09d669602d7b968ee2eac6a83e2180e1a97e3a7f2ebc4559b80e08d462 [36mpackage=[0mAeaApi
[90m13:20:53.376[0m [33mDBG[0m addr: 0xf268e2664f0B4CE495561a38e3252eDf73927784 [36mpackage=[0mAeaApi
[90m13:20:53.376[0m [33mDBG[0m entry_peers:  [36mpackage=[0mAeaApi
[90m13:20:53.376[0m [33mDBG[0m uri: 127.0.0.1:9000 [36mpackage=[0mAeaApi
[90m13:20:53.376[0m [33mDBG[0m uri public: 127.0.0.1:9000 [36mpackage=[0mAeaApi
[90m13:20:53.376[0m [33mDBG[0m uri delegate service: 127.0.0.1:11000 [36mpackage=[0mAeaApi
2020/08/22 13:20:53 successfully initialized API to AEA!
[90m13:20:53.498[0m [32mINF[0m INFO My ID is  [36mpackage=[0mDHTPeer [36mpeerid=[0m16Uiu2HAmGqpHuiyjgvAmNJjydNYze5VALG1MnJag9qhdVhZm5Dk7
[90m13:20:53.498[0m [32mINF[0m successfully created libp2p node! [36mpackage=[0mDHTPeer [36mpeerid=[0m16Uiu2HAmGqpHuiyjgvAmNJjydNYze5VALG1MnJag9qhdVhZm5Dk7
[90m13:20:53.498[0m [33mDBG[0m Setting /aea-register/0.1.0 stream... [36mpackage=[0mDHTPeer [36mpeerid=[0m16Uiu2HAmGqpHuiyjgvAmNJjydNYze5VALG1MnJag9qhdVhZm5Dk7
[90m13:20:53.498[0m [33mDBG[0m Setting /aea-address/0.1.0 stream... [36mpackage=[0mDHTPeer [36mpeerid=[0m16Uiu2HAmGqpHuiyjgvAmNJjydNYze5VALG1MnJag9qhdVhZm5Dk7
[90m13:20:53.499[0m [33mDBG[0m Setting /aea/0.1.0 stream... [36mpackage=[0mDHTPeer [36mpeerid=[0m16Uiu2HAmGqpHuiyjgvAmNJjydNYze5VALG1MnJag9qhdVhZm5Dk7
[90m13:20:53.499[0m [32mINF[0m DelegateService listening for new connections... [36mpackage=[0mDHTPeer [36mpeerid=[0m16Uiu2HAmGqpHuiyjgvAmNJjydNYze5VALG1MnJag9qhdVhZm5Dk7
MULTIADDRS_LIST_START
/dns4/127.0.0.1/tcp/9000/p2p/16Uiu2HAmGqpHuiyjgvAmNJjydNYze5VALG1MnJag9qhdVhZm5Dk7
MULTIADDRS_LIST_END
[90m13:20:54.364[0m [32mINF[0m connected to agent [36mpackage=[0mAeaApi
[90m13:20:54.365[0m [32mINF[0m successfully connected to AEA!
[90m13:23:27.894[0m [32mINF[0m node stopped
[90m13:23:27.895[0m [32mINF[0m Stopping DHTPeer... [36mpackage=[0mDHTPeer [36mpeerid=[0m16Uiu2HAmGqpHuiyjgvAmNJjydNYze5VALG1MnJag9qhdVhZm5Dk7
[90m13:23:27.895[0m [32mINF[0m DelegateService Stopped. [36mpackage=[0mDHTPeer [36mpeerid=[0m16Uiu2HAmGqpHuiyjgvAmNJjydNYze5VALG1MnJag9qhdVhZm5Dk7
